# JRE version: Java(TM) SE Runtime Environment 18.9 (11.0.7+8) (build 11.0.7+8-LTS)
# Java VM: Java HotSpot(TM) 64-Bit Server VM 18.9 (11.0.7+8-LTS, mixed mode, tiered, compressed oops, g1 gc, windows-amd64)
Heap:
 garbage-first heap   total 196608K, used 15655K [0x0000000741c00000, 0x0000000800000000)
  region size 1024K, 3 young (3072K), 3 survivors (3072K)
 Metaspace       used 25970K, capacity 26824K, committed 26880K, reserved 1081344K
  class space    used 3178K, capacity 3560K, committed 3584K, reserved 1048576K
GC Heap History (6 events):
Event: 1.796 GC heap before
{Heap before GC invocations=0 (full 0):
 garbage-first heap   total 196608K, used 13312K [0x0000000741c00000, 0x0000000800000000)
  region size 1024K, 14 young (14336K), 0 survivors (0K)
 Metaspace       used 9858K, capacity 10169K, committed 10368K, reserved 1058816K
  class space    used 961K, capacity 1072K, committed 1152K, reserved 1048576K
}
Event: 1.823 GC heap after
{Heap after GC invocations=1 (full 0):
 garbage-first heap   total 196608K, used 2927K [0x0000000741c00000, 0x0000000800000000)
  region size 1024K, 2 young (2048K), 2 survivors (2048K)
 Metaspace       used 9858K, capacity 10169K, committed 10368K, reserved 1058816K
  class space    used 961K, capacity 1072K, committed 1152K, reserved 1048576K
}
Event: 5.651 GC heap before
{Heap before GC invocations=1 (full 0):
 garbage-first heap   total 196608K, used 42863K [0x0000000741c00000, 0x0000000800000000)
  region size 1024K, 38 young (38912K), 2 survivors (2048K)
 Metaspace       used 20632K, capacity 21194K, committed 21248K, reserved 1067008K
  class space    used 2524K, capacity 2783K, committed 2816K, reserved 1048576K
}
Event: 5.662 GC heap after
{Heap after GC invocations=2 (full 0):
 garbage-first heap   total 196608K, used 11429K [0x0000000741c00000, 0x0000000800000000)
  region size 1024K, 7 young (7168K), 7 survivors (7168K)
 Metaspace       used 20632K, capacity 21194K, committed 21248K, reserved 1067008K
  class space    used 2524K, capacity 2783K, committed 2816K, reserved 1048576K
}
Event: 145.425 GC heap before
{Heap before GC invocations=3 (full 0):
 garbage-first heap   total 196608K, used 37029K [0x0000000741c00000, 0x0000000800000000)
  region size 1024K, 32 young (32768K), 7 survivors (7168K)
 Metaspace       used 25970K, capacity 26824K, committed 26880K, reserved 1079296K
  class space    used 3178K, capacity 3560K, committed 3584K, reserved 1048576K
}
Event: 145.518 GC heap after
{Heap after GC invocations=4 (full 0):
 garbage-first heap   total 196608K, used 15655K [0x0000000741c00000, 0x0000000800000000)
  region size 1024K, 3 young (3072K), 3 survivors (3072K)
 Metaspace       used 25970K, capacity 26824K, committed 26880K, reserved 1079296K
  class space    used 3178K, capacity 3560K, committed 3584K, reserved 1048576K
}

